<?xml version="1.0" ?>
<coverage version="7.6.1" timestamp="1733753171678" lines-valid="94" lines-covered="94" line-rate="1" branches-covered="0" branches-valid="0" branch-rate="0" complexity="0">
	<!-- Generated by coverage.py: https://coverage.readthedocs.io/en/7.6.1 -->
	<!-- Based on https://raw.githubusercontent.com/cobertura/web/master/htdocs/xml/coverage-04.dtd -->
	<sources>
		<source>/home/legv/simpledsa/simpledsa</source>
	</sources>
	<packages>
		<package name="." line-rate="0.681" branch-rate="0" complexity="0">
			<classes>
				<class name="__init__.py" filename="__init__.py" complexity="0" line-rate="1" branch-rate="0">
					<methods/>
					<lines>
						<line number="2" hits="1"/>
						<line number="4" hits="1"/>
						<line number="5" hits="1"/>
						<line number="6" hits="1"/>
					</lines>
				</class>
				<class name="priority_functions.py" filename="priority_functions.py" complexity="0" line-rate="1" branch-rate="0">
					<methods/>
					<lines>
						<line number="2" hits="1"/>
						<line number="4" hits="1"/>
						<line number="7" hits="1"/>
						<line number="9" hits="1"/>
						<line number="12" hits="1"/>
						<line number="14" hits="1"/>
						<line number="17" hits="1"/>
						<line number="20" hits="1"/>
						<line number="21" hits="1"/>
						<line number="23" hits="1"/>
					</lines>
				</class>
				<class name="priority_queue.py" filename="priority_queue.py" complexity="0" line-rate="1" branch-rate="0">
					<methods/>
					<lines>
						<line number="2" hits="1"/>
						<line number="3" hits="1"/>
						<line number="15" hits="1"/>
						<line number="16" hits="1"/>
						<line number="19" hits="1"/>
						<line number="31" hits="1"/>
						<line number="33" hits="1"/>
						<line number="34" hits="1"/>
						<line number="35" hits="1"/>
						<line number="37" hits="1"/>
						<line number="46" hits="1"/>
						<line number="47" hits="1"/>
						<line number="48" hits="1"/>
						<line number="49" hits="1"/>
						<line number="51" hits="1"/>
						<line number="64" hits="1"/>
						<line number="65" hits="1"/>
						<line number="67" hits="1"/>
						<line number="80" hits="1"/>
						<line number="81" hits="1"/>
						<line number="83" hits="1"/>
						<line number="93" hits="1"/>
						<line number="94" hits="1"/>
						<line number="95" hits="1"/>
						<line number="97" hits="1"/>
						<line number="107" hits="1"/>
						<line number="108" hits="1"/>
						<line number="109" hits="1"/>
						<line number="110" hits="1"/>
						<line number="112" hits="1"/>
						<line number="122" hits="1"/>
						<line number="123" hits="1"/>
						<line number="124" hits="1"/>
						<line number="126" hits="1"/>
						<line number="136" hits="1"/>
						<line number="137" hits="1"/>
						<line number="138" hits="1"/>
						<line number="139" hits="1"/>
						<line number="141" hits="1"/>
						<line number="143" hits="1"/>
						<line number="145" hits="1"/>
						<line number="147" hits="1"/>
						<line number="149" hits="1"/>
						<line number="151" hits="1"/>
						<line number="153" hits="1"/>
						<line number="160" hits="1"/>
						<line number="162" hits="1"/>
						<line number="164" hits="1"/>
						<line number="166" hits="1"/>
						<line number="173" hits="1"/>
						<line number="174" hits="1"/>
						<line number="176" hits="1"/>
						<line number="183" hits="1"/>
						<line number="184" hits="1"/>
						<line number="186" hits="1"/>
						<line number="188" hits="1"/>
						<line number="190" hits="1"/>
						<line number="192" hits="1"/>
						<line number="193" hits="1"/>
						<line number="195" hits="1"/>
						<line number="196" hits="1"/>
						<line number="209" hits="1"/>
						<line number="210" hits="1"/>
						<line number="211" hits="1"/>
						<line number="213" hits="1"/>
						<line number="214" hits="1"/>
						<line number="227" hits="1"/>
						<line number="228" hits="1"/>
						<line number="229" hits="1"/>
						<line number="231" hits="1"/>
						<line number="232" hits="1"/>
						<line number="245" hits="1"/>
						<line number="246" hits="1"/>
						<line number="249" hits="1"/>
						<line number="250" hits="1"/>
						<line number="251" hits="1"/>
						<line number="252" hits="1"/>
						<line number="253" hits="1"/>
						<line number="256" hits="1"/>
						<line number="257" hits="1"/>
					</lines>
				</class>
				<class name="weighted_directed_graph.py" filename="weighted_directed_graph.py" complexity="0" line-rate="0" branch-rate="0">
					<methods/>
					<lines>
						<line number="2" hits="0"/>
						<line number="13" hits="0"/>
						<line number="15" hits="0"/>
						<line number="16" hits="0"/>
						<line number="21" hits="0"/>
						<line number="32" hits="0"/>
						<line number="34" hits="0"/>
						<line number="35" hits="0"/>
						<line number="36" hits="0"/>
						<line number="37" hits="0"/>
						<line number="39" hits="0"/>
						<line number="51" hits="0"/>
						<line number="52" hits="0"/>
						<line number="53" hits="0"/>
						<line number="54" hits="0"/>
						<line number="55" hits="0"/>
						<line number="56" hits="0"/>
						<line number="57" hits="0"/>
						<line number="58" hits="0"/>
						<line number="60" hits="0"/>
						<line number="61" hits="0"/>
						<line number="62" hits="0"/>
						<line number="63" hits="0"/>
						<line number="64" hits="0"/>
						<line number="68" hits="0"/>
						<line number="82" hits="0"/>
						<line number="83" hits="0"/>
						<line number="85" hits="0"/>
						<line number="86" hits="0"/>
						<line number="87" hits="0"/>
						<line number="88" hits="0"/>
						<line number="89" hits="0"/>
						<line number="90" hits="0"/>
						<line number="91" hits="0"/>
						<line number="92" hits="0"/>
						<line number="93" hits="0"/>
						<line number="94" hits="0"/>
					</lines>
				</class>
			</classes>
		</package>
	</packages>
</coverage>
